<?xml version="1.0" encoding="UTF-8"?>
<testsuite xmlns:xsi="http://www.w3.org/2001/XMLSchema-instance" xsi:noNamespaceSchemaLocation="https://maven.apache.org/surefire/maven-surefire-plugin/xsd/surefire-test-report.xsd" name="web.UserTest" time="0.654" tests="7" errors="0" skipped="7" failures="0">
  <properties>
[...]
</properties>
  <testcase name="create" classname="web.UserTest" time="0">
    <skipped message="public void web.UserTest.create() is @Disabled"/>
    <system-err><![CDATA[мар 25, 2021 12:59:17 AM org.springframework.test.context.support.AbstractTestContextBootstrapper getDefaultTestExecutionListenerClassNames
INFO: Loaded default TestExecutionListener class names from location [META-INF/spring.factories]: [org.springframework.test.context.web.ServletTestExecutionListener, org.springframework.test.context.support.DirtiesContextBeforeModesTestExecutionListener, org.springframework.test.context.support.DependencyInjectionTestExecutionListener, org.springframework.test.context.support.DirtiesContextTestExecutionListener, org.springframework.test.context.transaction.TransactionalTestExecutionListener, org.springframework.test.context.jdbc.SqlScriptsTestExecutionListener, org.springframework.test.context.event.EventPublishingTestExecutionListener]
мар 25, 2021 12:59:17 AM org.springframework.test.context.support.AbstractTestContextBootstrapper getTestExecutionListeners
INFO: Using TestExecutionListeners: [org.springframework.test.context.support.DirtiesContextBeforeModesTestExecutionListener@75f32542, org.springframework.test.context.support.DependencyInjectionTestExecutionListener@7f1302d6, org.springframework.test.context.support.DirtiesContextTestExecutionListener@43ee72e6, org.springframework.test.context.transaction.TransactionalTestExecutionListener@23529fee, org.springframework.test.context.jdbc.SqlScriptsTestExecutionListener@4fe767f3, org.springframework.test.context.event.EventPublishingTestExecutionListener@2805c96b]
]]></system-err>
  </testcase>
  <testcase name="delete" classname="web.UserTest" time="0">
    <skipped message="public void web.UserTest.delete() is @Disabled"/>
  </testcase>
  <testcase name="getAll" classname="web.UserTest" time="0">
    <skipped message="public void web.UserTest.getAll() is @Disabled"/>
  </testcase>
  <testcase name="update" classname="web.UserTest" time="0">
    <skipped message="public void web.UserTest.update() is @Disabled"/>
  </testcase>
  <testcase name="getNotFound" classname="web.UserTest" time="0">
    <skipped message="public void web.UserTest.getNotFound() is @Disabled"/>
  </testcase>
  <testcase name="get" classname="web.UserTest" time="0">
    <skipped message="public void web.UserTest.get() is @Disabled"/>
  </testcase>
  <testcase name="deletedNotFound" classname="web.UserTest" time="0">
    <skipped message="public void web.UserTest.deletedNotFound() is @Disabled"/>
  </testcase>
</testsuite>